<?xml version="1.0" encoding="UTF-8"?>
<!-- Generated by org.testng.reporters.JUnitReportReporter -->
<testsuite hostname="Gatz_Laptop" failures="0" tests="1" name="TestCases.LoginTest" time="5.997" errors="0" timestamp="2022-01-06T14:23:00 EST" skipped="0">
  <testcase classname="TestCases.LoginTest" name="loginAsBankManager" time="5.997"/>
  <system-out/>
</testsuite> <!-- TestCases.LoginTest -->
